19:15:47.313  INFO  manager.ApplicationManager - All tests run in Chrome driver
19:15:50.006  INFO  manager.ApplicationManager - The link ---> https://telranedu.web.app/login
19:15:50.054  INFO  tests.TestBase - Name of method -->loginSuccessModel
19:15:52.069  INFO  manager.ListenerWD - Before Find Element----> By.xpath: //button[text()='Sign Out']
19:15:57.130  INFO  manager.ListenerWD - After Find Element----> By.xpath: //button[text()='Sign Out']
19:15:57.131  INFO  manager.ListenerWD - List of elements--->0
19:15:57.132  INFO  tests.TestBase - Start test with name 'loginSuccessModel' 
19:15:57.133  INFO  tests.TestBase - TEst data--->  email: 'maks-skam@mail.ru' & password: 'Maksim1996$' 
19:15:57.134  INFO  manager.ListenerWD - before Find Element----> By.xpath: //a[text()='LOGIN']
19:15:57.163  INFO  manager.ListenerWD - After Find Element----> By.xpath: //a[text()='LOGIN']
19:15:57.174  INFO  manager.ListenerWD - Location of element (1425, 33)
19:15:57.245  INFO  manager.ListenerWD - before Find Element----> By.name: email
19:15:57.274  INFO  manager.ListenerWD - After Find Element----> By.name: email
19:15:57.286  INFO  manager.ListenerWD - Location of element (568, 250)
19:15:57.505  INFO  manager.ListenerWD - before Find Element----> By.xpath: //input[last()]
19:15:57.533  INFO  manager.ListenerWD - After Find Element----> By.xpath: //input[last()]
19:15:57.547  INFO  manager.ListenerWD - Location of element (568, 320)
19:15:57.722  INFO  manager.ListenerWD - before Find Element----> By.xpath: //button[text()='Login']
19:15:57.747  INFO  manager.ListenerWD - After Find Element----> By.xpath: //button[text()='Login']
19:15:57.758  INFO  manager.ListenerWD - Location of element (568, 390)
19:15:59.809  INFO  manager.ListenerWD - Before Find Element----> By.xpath: //button[text()='Sign Out']
19:15:59.827  INFO  manager.ListenerWD - After Find Element----> By.xpath: //button[text()='Sign Out']
19:15:59.828  INFO  manager.ListenerWD - List of elements--->1
