19:33:30.075  INFO  manager.ApplicationManager - All tests run in Chrome driver
19:33:32.463  INFO  manager.ApplicationManager - The link ---> https://telranedu.web.app/login
19:33:32.506  INFO  tests.TestBase - Name of method -->loginSuccessModel
19:33:34.516  INFO  manager.ListenerWD - Before Find Element----> By.xpath: //button[text()='Sign Out']
19:33:39.574  INFO  manager.ListenerWD - After Find Element----> By.xpath: //button[text()='Sign Out']
19:33:39.575  INFO  manager.ListenerWD - List of elements--->0
19:33:39.577  INFO  tests.TestBase - Start test with name 'loginSuccessModel' 
19:33:39.578  INFO  tests.TestBase - TEst data--->  email: 'maks-skam@mail.ru' & password: 'Maksim1996$' 
19:33:39.579  INFO  manager.ListenerWD - before Find Element----> By.xpath: //a[text()='LOGIN']
19:33:39.605  INFO  manager.ListenerWD - After Find Element----> By.xpath: //a[text()='LOGIN']
19:33:39.618  INFO  manager.ListenerWD - Location of element (1425, 33)
19:33:39.690  INFO  manager.ListenerWD - before Find Element----> By.name: email
19:33:39.721  INFO  manager.ListenerWD - After Find Element----> By.name: email
19:33:39.734  INFO  manager.ListenerWD - Location of element (568, 250)
19:33:39.950  INFO  manager.ListenerWD - before Find Element----> By.xpath: //input[lastSBZsVD()]
19:33:39.979  INFO  manager.ListenerWD - Huston, we have a problem!
19:33:39.979  INFO  manager.ListenerWD - Object target-->ChromeDriver: chrome on WINDOWS (94b4bae1b634a04edf401ceac8b786d4)
19:33:39.979  INFO  manager.ListenerWD - ********
19:33:39.979  INFO  manager.ListenerWD - findElement
19:33:39.979  INFO  manager.ListenerWD - ********
19:33:39.979  INFO  manager.ListenerWD - InvocationTargetException1java.lang.reflect.InvocationTargetException
19:33:39.979  INFO  manager.ListenerWD - ********
19:33:39.980  INFO  manager.ListenerWD - InvocationTargetException2null
19:33:39.980  INFO  manager.ListenerWD - ********
19:33:39.980  INFO  manager.ListenerWD - InvocationTargetException3java.lang.reflect.InvocationTargetException
19:33:39.980  INFO  manager.ListenerWD - ********
