19:56:49.964  INFO  manager.ApplicationManager - All tests run in Chrome driver
19:56:52.302  INFO  manager.ApplicationManager - The link ---> https://telranedu.web.app/login
19:56:52.343  INFO  tests.TestBase - Name of method -->loginSuccessModel
19:56:54.351  INFO  manager.ListenerWD - Before Find Element----> By.xpath: //button[text()='Sign Out']
19:56:59.378  INFO  manager.ListenerWD - After Find Element----> By.xpath: //button[text()='Sign Out']
19:56:59.378  INFO  manager.ListenerWD - List of elements--->0
19:56:59.379  INFO  tests.TestBase - Start test with name 'loginSuccessModel' 
19:56:59.383  INFO  tests.TestBase - TEst data--->  email: 'maks-skam@mail.ru' & password: 'Maksim1996$' 
19:56:59.384  INFO  manager.ListenerWD - before Find Element----> By.xpath: //a[text()='LOGIN']
19:56:59.415  INFO  manager.ListenerWD - After Find Element----> By.xpath: //a[text()='LOGIN']
19:56:59.426  INFO  manager.ListenerWD - Location of element (1425, 33)
19:56:59.505  INFO  manager.ListenerWD - before Find Element----> By.name: email
19:56:59.536  INFO  manager.ListenerWD - After Find Element----> By.name: email
19:56:59.548  INFO  manager.ListenerWD - Location of element (568, 250)
19:56:59.752  INFO  manager.ListenerWD - before Find Element----> By.xpath: //input[lastSBZsVD()]
19:56:59.779  INFO  manager.ListenerWD - Huston, we have a problem!
19:56:59.781  INFO  manager.ListenerWD - Object target-->ChromeDriver: chrome on WINDOWS (67006be09e568a4b06c2ad7e138c3ae5)
19:56:59.781  INFO  manager.ListenerWD - ********
19:56:59.782  INFO  manager.ListenerWD - findElement
19:56:59.782  INFO  manager.ListenerWD - ********
19:56:59.782  INFO  manager.ListenerWD - ********
19:56:59.783  INFO  manager.ListenerWD - ********
19:56:59.785  INFO  manager.ListenerWD - InvocationTargetException & getTargetException -->org.openqa.selenium.InvalidSelectorException: invalid selector: Unable to locate an element with the xpath expression //input[lastSBZsVD()] because of the following error:
SyntaxError: Failed to execute 'evaluate' on 'Document': The string '//input[lastSBZsVD()]' is not a valid XPath expression.
  (Session info: chrome=112.0.5615.121)
For documentation on this error, please visit: https://selenium.dev/exceptions/#invalid_selector_exception
Build info: version: '4.7.0', revision: '0a5b49d16f'
System info: os.name: 'Windows 11', os.arch: 'amd64', os.version: '10.0', java.version: '1.8.0_361'
Driver info: org.openqa.selenium.chrome.ChromeDriver
Command: [67006be09e568a4b06c2ad7e138c3ae5, findElement {using=xpath, value=//input[lastSBZsVD()]}]
Capabilities {acceptInsecureCerts: false, browserName: chrome, browserVersion: 112.0.5615.121, chrome: {chromedriverVersion: 111.0.5563.64 (c710e93d5b63..., userDataDir: C:\Users\maksi\AppData\Loca...}, goog:chromeOptions: {debuggerAddress: localhost:60158}, networkConnectionEnabled: false, pageLoadStrategy: normal, platformName: WINDOWS, proxy: Proxy(), se:cdp: ws://localhost:60158/devtoo..., se:cdpVersion: 112.0.5615.121, setWindowRect: true, strictFileInteractability: false, timeouts: {implicit: 0, pageLoad: 300000, script: 30000}, unhandledPromptBehavior: dismiss and notify, webauthn:extension:credBlob: true, webauthn:extension:largeBlob: true, webauthn:extension:minPinLength: true, webauthn:extension:prf: true, webauthn:virtualAuthenticators: true}
Session ID: 67006be09e568a4b06c2ad7e138c3ae5
19:56:59.786  INFO  manager.ListenerWD - ********
